timestamp: 2016-10-27T15:29:29.554024
CREATE TABLE auth_user(
    id INTEGER PRIMARY KEY AUTOINCREMENT,
    first_name CHAR(128),
    last_name CHAR(128),
    email CHAR(512),
    password CHAR(512),
    registration_key CHAR(512),
    reset_password_key CHAR(512),
    registration_id CHAR(512)
);
success!
timestamp: 2016-10-27T15:29:29.660775
CREATE TABLE auth_group(
    id INTEGER PRIMARY KEY AUTOINCREMENT,
    role CHAR(512),
    description TEXT
);
success!
timestamp: 2016-10-27T15:29:29.761089
CREATE TABLE auth_membership(
    id INTEGER PRIMARY KEY AUTOINCREMENT,
    user_id INTEGER REFERENCES auth_user (id) ON DELETE CASCADE  ,
    group_id INTEGER REFERENCES auth_group (id) ON DELETE CASCADE  
);
success!
timestamp: 2016-10-27T15:29:29.861473
CREATE TABLE auth_permission(
    id INTEGER PRIMARY KEY AUTOINCREMENT,
    group_id INTEGER REFERENCES auth_group (id) ON DELETE CASCADE  ,
    name CHAR(512),
    table_name CHAR(512),
    record_id INTEGER
);
success!
timestamp: 2016-10-27T15:29:29.986978
CREATE TABLE auth_event(
    id INTEGER PRIMARY KEY AUTOINCREMENT,
    time_stamp TIMESTAMP,
    client_ip CHAR(512),
    user_id INTEGER REFERENCES auth_user (id) ON DELETE CASCADE  ,
    origin CHAR(512),
    description TEXT
);
success!
timestamp: 2016-10-27T15:29:30.120721
CREATE TABLE auth_cas(
    id INTEGER PRIMARY KEY AUTOINCREMENT,
    user_id INTEGER REFERENCES auth_user (id) ON DELETE CASCADE  ,
    created_on TIMESTAMP,
    service CHAR(512),
    ticket CHAR(512),
    renew CHAR(1)
);
success!
timestamp: 2016-10-27T15:41:59.383942
CREATE TABLE blog_post(
    id INTEGER PRIMARY KEY AUTOINCREMENT,
    body CHAR(512)
);
success!
timestamp: 2016-10-27T15:50:07.131472
ALTER TABLE blog_post ADD time_stamp TIMESTAMP;
timestamp: 2016-10-27T15:50:07.257439
ALTER TABLE blog_post ADD title CHAR(512);
success!
timestamp: 2016-10-27T18:05:06.334397
ALTER TABLE blog_post ADD modified_by INTEGER REFERENCES auth_user (id) ON DELETE CASCADE  ;
timestamp: 2016-10-27T18:05:06.439213
ALTER TABLE blog_post ADD is_active CHAR(1);
timestamp: 2016-10-27T18:05:06.564100
ALTER TABLE blog_post ADD created_by INTEGER REFERENCES auth_user (id) ON DELETE CASCADE  ;
timestamp: 2016-10-27T18:05:06.689494
ALTER TABLE blog_post ADD created_on TIMESTAMP;
timestamp: 2016-10-27T18:05:06.815037
ALTER TABLE blog_post ADD modified_on TIMESTAMP;
success!
success!
success!
success!
success!
success!
success!
success!
success!
success!
success!
success!
success!
success!
success!
success!
success!
success!
success!
success!
success!
success!
success!
success!
success!
success!
success!
success!
success!
success!
success!
success!
success!
success!
success!
success!
success!
success!
success!
success!
success!
success!
success!
success!
success!
success!
success!
success!
success!
success!
success!
success!
success!
success!
success!
success!
success!
success!
success!
success!
success!
success!
success!
success!
success!
success!
success!
success!
success!
success!
success!
success!
success!
success!
success!
success!
success!
success!
success!
success!
success!
success!
success!
success!
success!
success!
success!
success!
success!
success!
success!
success!
success!
success!
success!
success!
success!
success!
success!
success!
success!
success!
success!
success!
success!
success!
success!
success!
success!
success!
success!
success!
success!
success!
success!
success!
success!
success!
success!
success!
success!
success!
success!
success!
success!
success!
success!
success!
success!
success!
success!
success!
success!
success!
success!
success!
success!
success!
success!
success!
success!
success!
success!
success!
success!
success!
success!
success!
success!
success!
success!
success!
success!
success!
success!
success!
success!
success!
success!
success!
success!
success!
success!
success!
success!
success!
success!
success!
success!
success!
success!
success!
success!
success!
success!
success!
success!
success!
success!
success!
success!
success!
success!
success!
success!
success!
success!
success!
success!
success!
success!
success!
success!
success!
success!
success!
success!
success!
success!
success!
success!
success!
success!
success!
success!
success!
success!
success!
success!
success!
success!
success!
success!
success!
success!
success!
success!
success!
success!
success!
success!
success!
success!
success!
success!
success!
success!
success!
success!
success!
success!
success!
success!
success!
success!
success!
success!
success!
success!
success!
success!
success!
success!
success!
success!
success!
success!
success!
success!
success!
success!
success!
success!
success!
success!
success!
success!
success!
success!
success!
success!
success!
success!
success!
success!
success!
success!
success!
success!
success!
success!
success!
success!
success!
success!
success!
success!
success!
success!
success!
success!
success!
success!
success!
success!
success!
success!
success!
success!
success!
success!
success!
success!
success!
success!
success!
success!
success!
success!
success!
success!
success!
success!
success!
success!
success!
success!
success!
success!
success!
success!
success!
success!
success!
success!
success!
success!
success!
success!
success!
success!
success!
success!
success!
success!
success!
success!
success!
success!
success!
success!
success!
success!
success!
success!
success!
success!
success!
success!
success!
success!
success!
success!
success!
success!
success!
success!
success!
success!
success!
success!
success!
success!
success!
success!
success!
success!
success!
success!
success!
success!
success!
success!
success!
success!
success!
success!
success!
success!
success!
success!
success!
success!
success!
success!
success!
success!
success!
success!
success!
success!
success!
success!
success!
success!
success!
success!
success!
success!
success!
success!
success!
success!
success!
success!
timestamp: 2016-10-28T10:43:54.329552
CREATE TABLE blog_comment(
    id INTEGER PRIMARY KEY AUTOINCREMENT,
    blog_post INTEGER REFERENCES blog_post (id) ON DELETE CASCADE  ,
    body CHAR(512),
    is_active CHAR(1),
    created_on TIMESTAMP,
    created_by INTEGER REFERENCES auth_user (id) ON DELETE CASCADE  ,
    modified_on TIMESTAMP,
    modified_by INTEGER REFERENCES auth_user (id) ON DELETE CASCADE  
);
success!
success!
success!
success!
success!
success!
success!
success!
success!
success!
success!
success!
success!
success!
success!
success!
success!
success!
success!
success!
success!
success!
success!
success!
success!
success!
success!
success!
success!
success!
success!
success!
success!
success!
success!
success!
success!
success!
success!
success!
success!
success!
success!
success!
success!
timestamp: 2016-10-28T11:04:08.723132
ALTER TABLE blog_comment ADD comments TEXT;
success!
success!
success!
success!
success!
success!
success!
success!
success!
success!
success!
success!
success!
success!
success!
success!
success!
success!
success!
success!
success!
success!
success!
success!
success!
success!
success!
success!
success!
success!
success!
success!
success!
success!
success!
success!
success!
success!
success!
success!
success!
success!
success!
success!
success!
success!
success!
success!
success!
success!
success!
success!
success!
success!
success!
success!
success!
success!
success!
success!
success!
success!
success!
success!
success!
success!
success!
success!
success!
success!
success!
success!
success!
success!
success!
success!
success!
success!
success!
success!
success!
success!
success!
success!
success!
success!
success!
success!
success!
success!
success!
success!
success!
success!
success!
success!
success!
success!
success!
success!
success!
success!
success!
success!
success!
success!
success!
success!
success!
success!
success!
success!
success!
success!
success!
success!
success!
success!
success!
success!
success!
success!
success!
success!
success!
success!
success!
success!
success!
success!
success!
success!
success!
success!
success!
success!
success!
success!
success!
success!
success!
success!
success!
success!
success!
success!
success!
success!
success!
success!
success!
success!
success!
success!
success!
success!
success!
success!
success!
success!
success!
success!
success!
success!
success!
success!
success!
success!
success!
success!
success!
success!
success!
success!
success!
success!
success!
success!
success!
success!
success!
success!
success!
success!
success!
success!
success!
success!
success!
timestamp: 2016-10-31T15:19:11.969584
CREATE TABLE auth_user(
    id INT AUTO_INCREMENT NOT NULL,
    first_name VARCHAR(128),
    last_name VARCHAR(128),
    email VARCHAR(512),
    password VARCHAR(512),
    registration_key VARCHAR(512),
    reset_password_key VARCHAR(512),
    registration_id VARCHAR(512),
    PRIMARY KEY (id)
) ENGINE=InnoDB CHARACTER SET utf8;
success!
timestamp: 2016-10-31T15:19:12.454764
CREATE TABLE auth_group(
    id INT AUTO_INCREMENT NOT NULL,
    role VARCHAR(512),
    description LONGTEXT,
    PRIMARY KEY (id)
) ENGINE=InnoDB CHARACTER SET utf8;
success!
timestamp: 2016-10-31T15:19:12.757393
CREATE TABLE auth_membership(
    id INT AUTO_INCREMENT NOT NULL,
    user_id INT  , INDEX user_id__idx (user_id), FOREIGN KEY (user_id) REFERENCES auth_user (id) ON DELETE CASCADE,
    group_id INT  , INDEX group_id__idx (group_id), FOREIGN KEY (group_id) REFERENCES auth_group (id) ON DELETE CASCADE,
    PRIMARY KEY (id)
) ENGINE=InnoDB CHARACTER SET utf8;
success!
timestamp: 2016-10-31T15:19:13.192032
CREATE TABLE auth_permission(
    id INT AUTO_INCREMENT NOT NULL,
    group_id INT  , INDEX group_id__idx (group_id), FOREIGN KEY (group_id) REFERENCES auth_group (id) ON DELETE CASCADE,
    name VARCHAR(512),
    table_name VARCHAR(512),
    record_id INT,
    PRIMARY KEY (id)
) ENGINE=InnoDB CHARACTER SET utf8;
success!
timestamp: 2016-10-31T15:19:13.576935
CREATE TABLE auth_event(
    id INT AUTO_INCREMENT NOT NULL,
    time_stamp DATETIME,
    client_ip VARCHAR(512),
    user_id INT  , INDEX user_id__idx (user_id), FOREIGN KEY (user_id) REFERENCES auth_user (id) ON DELETE CASCADE,
    origin VARCHAR(512),
    description LONGTEXT,
    PRIMARY KEY (id)
) ENGINE=InnoDB CHARACTER SET utf8;
success!
timestamp: 2016-10-31T15:19:13.902805
CREATE TABLE auth_cas(
    id INT AUTO_INCREMENT NOT NULL,
    user_id INT  , INDEX user_id__idx (user_id), FOREIGN KEY (user_id) REFERENCES auth_user (id) ON DELETE CASCADE,
    created_on DATETIME,
    service VARCHAR(512),
    ticket VARCHAR(512),
    renew CHAR(1),
    PRIMARY KEY (id)
) ENGINE=InnoDB CHARACTER SET utf8;
success!
timestamp: 2016-10-31T15:19:14.297275
CREATE TABLE blog_post(
    id INT AUTO_INCREMENT NOT NULL,
    title VARCHAR(512),
    body LONGTEXT,
    is_active CHAR(1),
    created_on DATETIME,
    created_by INT  , INDEX created_by__idx (created_by), FOREIGN KEY (created_by) REFERENCES auth_user (id) ON DELETE CASCADE,
    modified_on DATETIME,
    modified_by INT  , INDEX modified_by__idx (modified_by), FOREIGN KEY (modified_by) REFERENCES auth_user (id) ON DELETE CASCADE,
    PRIMARY KEY (id)
) ENGINE=InnoDB CHARACTER SET utf8;
success!
timestamp: 2016-10-31T15:19:14.680367
CREATE TABLE blog_comment(
    id INT AUTO_INCREMENT NOT NULL,
    blog_post INT  , INDEX blog_post__idx (blog_post), FOREIGN KEY (blog_post) REFERENCES blog_post (id) ON DELETE CASCADE,
    comments LONGTEXT,
    is_active CHAR(1),
    created_on DATETIME,
    created_by INT  , INDEX created_by__idx (created_by), FOREIGN KEY (created_by) REFERENCES auth_user (id) ON DELETE CASCADE,
    modified_on DATETIME,
    modified_by INT  , INDEX modified_by__idx (modified_by), FOREIGN KEY (modified_by) REFERENCES auth_user (id) ON DELETE CASCADE,
    PRIMARY KEY (id)
) ENGINE=InnoDB CHARACTER SET utf8;
success!
timestamp: 2016-10-31T18:01:59.175759
CREATE TABLE wiki_page(
    id INT AUTO_INCREMENT NOT NULL,
    slug VARCHAR(512),
    title VARCHAR(255) UNIQUE,
    body LONGTEXT NOT NULL,
    tags LONGTEXT,
    can_read LONGTEXT,
    can_edit LONGTEXT,
    changelog VARCHAR(512),
    html LONGTEXT,
    render VARCHAR(512),
    is_active CHAR(1),
    created_on DATETIME,
    created_by INT  , INDEX created_by__idx (created_by), FOREIGN KEY (created_by) REFERENCES auth_user (id) ON DELETE CASCADE,
    modified_on DATETIME,
    modified_by INT  , INDEX modified_by__idx (modified_by), FOREIGN KEY (modified_by) REFERENCES auth_user (id) ON DELETE CASCADE,
    PRIMARY KEY (id)
) ENGINE=InnoDB CHARACTER SET utf8;
success!
timestamp: 2016-10-31T18:01:59.738508
CREATE TABLE wiki_tag(
    id INT AUTO_INCREMENT NOT NULL,
    name VARCHAR(512),
    wiki_page INT  , INDEX wiki_page__idx (wiki_page), FOREIGN KEY (wiki_page) REFERENCES wiki_page (id) ON DELETE CASCADE,
    is_active CHAR(1),
    created_on DATETIME,
    created_by INT  , INDEX created_by__idx (created_by), FOREIGN KEY (created_by) REFERENCES auth_user (id) ON DELETE CASCADE,
    modified_on DATETIME,
    modified_by INT  , INDEX modified_by__idx (modified_by), FOREIGN KEY (modified_by) REFERENCES auth_user (id) ON DELETE CASCADE,
    PRIMARY KEY (id)
) ENGINE=InnoDB CHARACTER SET utf8;
success!
timestamp: 2016-10-31T18:02:00.206447
CREATE TABLE wiki_media(
    id INT AUTO_INCREMENT NOT NULL,
    wiki_page INT  , INDEX wiki_page__idx (wiki_page), FOREIGN KEY (wiki_page) REFERENCES wiki_page (id) ON DELETE CASCADE,
    title VARCHAR(512),
    filename VARCHAR(512),
    is_active CHAR(1),
    created_on DATETIME,
    created_by INT  , INDEX created_by__idx (created_by), FOREIGN KEY (created_by) REFERENCES auth_user (id) ON DELETE CASCADE,
    modified_on DATETIME,
    modified_by INT  , INDEX modified_by__idx (modified_by), FOREIGN KEY (modified_by) REFERENCES auth_user (id) ON DELETE CASCADE,
    PRIMARY KEY (id)
) ENGINE=InnoDB CHARACTER SET utf8;
success!
timestamp: 2016-11-01T12:21:51.496685
ALTER TABLE auth_user ADD office VARCHAR(512);
success!
success!
timestamp: 2016-11-01T12:28:51.788762
ALTER TABLE auth_user DROP COLUMN office;
success!
timestamp: 2016-11-01T12:30:37.463371
ALTER TABLE auth_user ADD body LONGTEXT;
success!
success!
timestamp: 2016-11-01T12:31:02.102390
ALTER TABLE auth_user DROP COLUMN body;
success!
timestamp: 2016-11-01T12:37:12.282525
CREATE TABLE test(
    id INT AUTO_INCREMENT NOT NULL,
    first_name VARCHAR(512),
    last_name VARCHAR(512),
    email VARCHAR(512) UNIQUE,
    email_validate VARCHAR(512),
    PRIMARY KEY (id)
) ENGINE=InnoDB CHARACTER SET utf8;
timestamp: 2016-11-01T12:38:43.467594
CREATE TABLE test(
    id INT AUTO_INCREMENT NOT NULL,
    first_name VARCHAR(512),
    last_name VARCHAR(512),
    email VARCHAR(512) UNIQUE,
    email_validate VARCHAR(512),
    PRIMARY KEY (id)
) ENGINE=InnoDB CHARACTER SET utf8;
timestamp: 2016-11-01T12:39:55.404288
CREATE TABLE test(
    id INT AUTO_INCREMENT NOT NULL,
    first_name VARCHAR(512),
    last_name VARCHAR(512),
    email VARCHAR(512) UNIQUE,
    email_validate VARCHAR(512),
    PRIMARY KEY (id)
) ENGINE=InnoDB CHARACTER SET utf8;
timestamp: 2016-11-01T12:41:36.818373
CREATE TABLE test(
    id INT AUTO_INCREMENT NOT NULL,
    first_name VARCHAR(512),
    last_name VARCHAR(512),
    email VARCHAR(512) UNIQUE,
    PRIMARY KEY (id)
) ENGINE=InnoDB CHARACTER SET utf8;
timestamp: 2016-11-01T12:42:17.529072
CREATE TABLE test(
    id INT AUTO_INCREMENT NOT NULL,
    first_name VARCHAR(512),
    last_name VARCHAR(512),
    email VARCHAR(512) UNIQUE,
    email_validate VARCHAR(512),
    PRIMARY KEY (id)
) ENGINE=InnoDB CHARACTER SET utf8;
timestamp: 2016-11-01T12:42:44.917140
CREATE TABLE test(
    id INT AUTO_INCREMENT NOT NULL,
    first_name VARCHAR(512),
    last_name VARCHAR(512),
    PRIMARY KEY (id)
) ENGINE=InnoDB CHARACTER SET utf8;
success!
timestamp: 2016-11-01T12:43:24.336341
ALTER TABLE test ADD email VARCHAR(512) UNIQUE;
timestamp: 2016-11-01T12:51:37.807554
ALTER TABLE test ADD email VARCHAR(512) UNIQUE;
timestamp: 2016-11-01T12:53:05.734970
ALTER TABLE test ADD email VARCHAR(512) UNIQUE;
timestamp: 2016-11-01T12:53:29.424266
ALTER TABLE test ADD email VARCHAR(512);
success!
timestamp: 2016-11-01T12:53:30.174033
ALTER TABLE test ADD email_validate VARCHAR(512);
success!
timestamp: 2016-11-01T13:15:55.736843
CREATE TABLE entries(
    id INT AUTO_INCREMENT NOT NULL,
    entry LONGTEXT,
    PRIMARY KEY (id)
) ENGINE=InnoDB CHARACTER SET utf8;
success!
timestamp: 2016-11-02T09:45:39.994267
ALTER TABLE blog_post ADD photo VARCHAR(512);
success!
success!
timestamp: 2016-11-15T12:16:50.395198
CREATE TABLE pdf_template(
    pdf_template_id INT AUTO_INCREMENT NOT NULL,
    title VARCHAR(512),
    format VARCHAR(512),
    PRIMARY KEY (pdf_template_id)
) ENGINE=InnoDB CHARACTER SET utf8;
success!
timestamp: 2016-11-15T12:18:28.322642
CREATE TABLE pdf_element(
    id INT AUTO_INCREMENT NOT NULL,
    pdf_template_id INT  , INDEX pdf_template_id__idx (pdf_template_id), FOREIGN KEY (pdf_template_id) REFERENCES pdf_template (pdf_template_id) ON DELETE CASCADE,
    name VARCHAR(512),
    types VARCHAR(2),
    x1 DOUBLE,
    y1 DOUBLE,
    x2 DOUBLE,
    y2 DOUBLE,
    font VARCHAR(512),
    sizes DOUBLE,
    bold CHAR(1),
    italic CHAR(1),
    underline CHAR(1),
    foreground INT,
    background INT,
    align VARCHAR(1),
    texts LONGTEXT,
    priority INT,
    PRIMARY KEY (id)
) ENGINE=InnoDB CHARACTER SET utf8;
success!
